mode: set
webdev_beadando/internal/store/store.go:17.24,19.2 1 1
webdev_beadando/internal/store/store.go:22.68,25.16 2 1
webdev_beadando/internal/store/store.go:25.16,27.3 1 0
webdev_beadando/internal/store/store.go:29.2,30.56 2 1
webdev_beadando/internal/store/store.go:30.56,32.3 1 0
webdev_beadando/internal/store/store.go:34.2,34.22 1 1
webdev_beadando/internal/store/store.go:38.62,40.16 2 0
webdev_beadando/internal/store/store.go:40.16,42.3 1 0
webdev_beadando/internal/store/store.go:44.2,45.53 2 0
webdev_beadando/internal/store/store.go:45.53,47.3 1 0
webdev_beadando/internal/store/store.go:49.2,49.19 1 0
webdev_beadando/internal/store/store.go:53.82,60.39 5 1
webdev_beadando/internal/store/store.go:60.39,62.3 1 0
webdev_beadando/internal/store/store.go:64.2,64.19 1 1
webdev_beadando/internal/store/store.go:64.19,65.57 1 0
webdev_beadando/internal/store/store.go:65.57,67.4 1 0
webdev_beadando/internal/store/store.go:71.2,76.16 4 1
webdev_beadando/internal/store/store.go:76.16,78.3 1 0
webdev_beadando/internal/store/store.go:80.2,80.55 1 1
webdev_beadando/internal/store/store.go:80.55,82.3 1 0
webdev_beadando/internal/store/store.go:84.2,84.12 1 1
webdev_beadando/cmd/server/main.go:15.13,45.79 6 0
webdev_beadando/cmd/server/main.go:45.79,46.55 1 0
webdev_beadando/cmd/server/main.go:46.55,49.4 2 0
webdev_beadando/cmd/server/main.go:50.3,50.31 1 0
webdev_beadando/cmd/server/main.go:50.31,53.4 2 0
webdev_beadando/cmd/server/main.go:54.3,54.56 1 0
webdev_beadando/cmd/server/main.go:54.56,57.4 2 0
webdev_beadando/cmd/server/main.go:68.3,68.24 1 0
webdev_beadando/cmd/server/main.go:68.24,70.4 1 0
webdev_beadando/cmd/server/main.go:70.9,70.63 1 0
webdev_beadando/cmd/server/main.go:70.63,72.4 1 0
webdev_beadando/cmd/server/main.go:72.9,74.4 1 0
webdev_beadando/cmd/server/main.go:77.2,81.16 3 0
webdev_beadando/cmd/server/main.go:81.16,83.3 1 0
webdev_beadando/cmd/server/main.go:85.2,91.12 2 0
webdev_beadando/cmd/server/main.go:91.12,93.77 2 0
webdev_beadando/cmd/server/main.go:93.77,95.4 1 0
webdev_beadando/cmd/server/main.go:98.2,106.42 7 0
webdev_beadando/cmd/server/main.go:106.42,108.3 1 0
webdev_beadando/cmd/server/main.go:110.2,110.31 1 0
webdev_beadando/internal/handlers/handlers.go:19.42,21.2 1 1
webdev_beadando/internal/handlers/handlers.go:23.64,24.23 1 1
webdev_beadando/internal/handlers/handlers.go:24.23,27.3 2 0
webdev_beadando/internal/handlers/handlers.go:29.2,30.16 2 1
webdev_beadando/internal/handlers/handlers.go:30.16,34.3 3 0
webdev_beadando/internal/handlers/handlers.go:36.2,37.16 2 1
webdev_beadando/internal/handlers/handlers.go:37.16,41.3 3 0
webdev_beadando/internal/handlers/handlers.go:43.2,51.38 2 1
webdev_beadando/internal/handlers/handlers.go:54.64,57.16 3 0
webdev_beadando/internal/handlers/handlers.go:57.16,60.3 2 0
webdev_beadando/internal/handlers/handlers.go:62.2,63.16 2 0
webdev_beadando/internal/handlers/handlers.go:63.16,67.3 3 0
webdev_beadando/internal/handlers/handlers.go:69.2,70.29 2 0
webdev_beadando/internal/handlers/handlers.go:70.29,71.20 1 0
webdev_beadando/internal/handlers/handlers.go:71.20,73.9 2 0
webdev_beadando/internal/handlers/handlers.go:77.2,77.22 1 0
webdev_beadando/internal/handlers/handlers.go:77.22,80.3 2 0
webdev_beadando/internal/handlers/handlers.go:82.2,82.43 1 0
webdev_beadando/internal/handlers/handlers.go:85.67,86.32 1 1
webdev_beadando/internal/handlers/handlers.go:86.32,89.3 2 0
webdev_beadando/internal/handlers/handlers.go:91.2,91.33 1 1
webdev_beadando/internal/handlers/handlers.go:91.33,92.39 1 1
webdev_beadando/internal/handlers/handlers.go:92.39,95.4 2 0
webdev_beadando/internal/handlers/handlers.go:97.3,107.18 3 1
webdev_beadando/internal/handlers/handlers.go:107.18,109.4 1 0
webdev_beadando/internal/handlers/handlers.go:112.3,112.64 1 1
webdev_beadando/internal/handlers/handlers.go:112.64,115.4 2 0
webdev_beadando/internal/handlers/handlers.go:116.3,116.31 1 1
webdev_beadando/internal/handlers/handlers.go:116.31,119.4 2 0
webdev_beadando/internal/handlers/handlers.go:120.3,120.28 1 1
webdev_beadando/internal/handlers/handlers.go:120.28,123.4 2 0
webdev_beadando/internal/handlers/handlers.go:124.3,124.64 1 1
webdev_beadando/internal/handlers/handlers.go:124.64,127.4 2 0
webdev_beadando/internal/handlers/handlers.go:129.3,129.86 1 1
webdev_beadando/internal/handlers/handlers.go:129.86,133.4 3 0
webdev_beadando/internal/handlers/handlers.go:135.3,136.49 2 1
webdev_beadando/internal/handlers/handlers.go:140.75,147.16 3 1
webdev_beadando/internal/handlers/handlers.go:147.16,151.3 3 1
webdev_beadando/internal/handlers/handlers.go:153.2,153.61 1 0
webdev_beadando/internal/handlers/handlers.go:153.61,156.3 2 0
webdev_beadando/internal/handlers/handlers.go:160.36,163.2 2 1
webdev_beadando/internal/handlers/handlers.go:165.38,168.2 2 1
webdev_beadando/internal/handlers/handlers.go:170.38,171.17 1 0
webdev_beadando/internal/handlers/handlers.go:171.17,173.3 1 0
webdev_beadando/internal/handlers/handlers.go:174.2,175.14 2 0
webdev_beadando/internal/handlers/handlers.go:175.14,177.3 1 0
webdev_beadando/internal/handlers/handlers.go:178.2,179.26 2 0
webdev_beadando/internal/handlers/handlers.go:179.26,180.27 1 0
webdev_beadando/internal/handlers/handlers.go:180.27,182.4 1 0
webdev_beadando/internal/handlers/handlers.go:184.2,184.24 1 0
